{"C:\\Users\\ethan\\Documents\\IUT_3\\Developpement-avance-EthanMaridat\\apps\\realtime-elo-ranker-server\\src\\app.controller.ts": {"path":"C:\\Users\\ethan\\Documents\\IUT_3\\Developpement-avance-EthanMaridat\\apps\\realtime-elo-ranker-server\\src\\app.controller.ts","statementMap":{"0":{"start":{"line":1,"column":0},"end":{"line":1,"column":49}},"1":{"start":{"line":2,"column":0},"end":{"line":2,"column":43}},"2":{"start":{"line":5,"column":7},"end":{"line":12,"column":null}},"3":{"start":{"line":6,"column":31},"end":{"line":6,"column":43}},"4":{"start":{"line":10,"column":4},"end":{"line":10,"column":38}},"5":{"start":{"line":5,"column":13},"end":{"line":5,"column":26}},"6":{"start":{"line":9,"column":2},"end":{"line":11,"column":null}},"7":{"start":{"line":5,"column":13},"end":{"line":12,"column":null}}},"fnMap":{"0":{"name":"(anonymous_2)","decl":{"start":{"line":6,"column":2},"end":{"line":6,"column":31}},"loc":{"start":{"line":6,"column":53},"end":{"line":6,"column":57}}},"1":{"name":"(anonymous_3)","decl":{"start":{"line":9,"column":2},"end":{"line":9,"column":10}},"loc":{"start":{"line":9,"column":10},"end":{"line":11,"column":3}}}},"branchMap":{},"s":{"0":1,"1":1,"2":1,"3":1,"4":1,"5":1,"6":1,"7":1},"f":{"0":1,"1":1},"b":{}}
,"C:\\Users\\ethan\\Documents\\IUT_3\\Developpement-avance-EthanMaridat\\apps\\realtime-elo-ranker-server\\src\\app.module.ts": {"path":"C:\\Users\\ethan\\Documents\\IUT_3\\Developpement-avance-EthanMaridat\\apps\\realtime-elo-ranker-server\\src\\app.module.ts","statementMap":{"0":{"start":{"line":1,"column":0},"end":{"line":1,"column":40}},"1":{"start":{"line":2,"column":0},"end":{"line":2,"column":48}},"2":{"start":{"line":3,"column":0},"end":{"line":3,"column":59}},"3":{"start":{"line":4,"column":0},"end":{"line":4,"column":48}},"4":{"start":{"line":5,"column":0},"end":{"line":5,"column":45}},"5":{"start":{"line":6,"column":0},"end":{"line":6,"column":56}},"6":{"start":{"line":7,"column":0},"end":{"line":7,"column":53}},"7":{"start":{"line":8,"column":0},"end":{"line":8,"column":62}},"8":{"start":{"line":9,"column":0},"end":{"line":9,"column":59}},"9":{"start":{"line":10,"column":0},"end":{"line":10,"column":65}},"10":{"start":{"line":11,"column":0},"end":{"line":11,"column":59}},"11":{"start":{"line":12,"column":0},"end":{"line":12,"column":72}},"12":{"start":{"line":29,"column":7},"end":{"line":29,"column":null}},"13":{"start":{"line":29,"column":13},"end":{"line":29,"column":22}},"14":{"start":{"line":29,"column":13},"end":{"line":29,"column":null}}},"fnMap":{},"branchMap":{},"s":{"0":0,"1":0,"2":0,"3":0,"4":0,"5":0,"6":0,"7":0,"8":0,"9":0,"10":0,"11":0,"12":0,"13":0,"14":0},"f":{},"b":{}}
,"C:\\Users\\ethan\\Documents\\IUT_3\\Developpement-avance-EthanMaridat\\apps\\realtime-elo-ranker-server\\src\\app.service.ts": {"path":"C:\\Users\\ethan\\Documents\\IUT_3\\Developpement-avance-EthanMaridat\\apps\\realtime-elo-ranker-server\\src\\app.service.ts","statementMap":{"0":{"start":{"line":1,"column":0},"end":{"line":1,"column":44}},"1":{"start":{"line":4,"column":7},"end":{"line":8,"column":null}},"2":{"start":{"line":6,"column":4},"end":{"line":6,"column":26}},"3":{"start":{"line":4,"column":13},"end":{"line":4,"column":23}},"4":{"start":{"line":4,"column":13},"end":{"line":8,"column":null}}},"fnMap":{"0":{"name":"(anonymous_1)","decl":{"start":{"line":5,"column":2},"end":{"line":5,"column":10}},"loc":{"start":{"line":5,"column":10},"end":{"line":7,"column":3}}}},"branchMap":{},"s":{"0":1,"1":1,"2":1,"3":1,"4":1},"f":{"0":1},"b":{}}
,"C:\\Users\\ethan\\Documents\\IUT_3\\Developpement-avance-EthanMaridat\\apps\\realtime-elo-ranker-server\\src\\main.ts": {"path":"C:\\Users\\ethan\\Documents\\IUT_3\\Developpement-avance-EthanMaridat\\apps\\realtime-elo-ranker-server\\src\\main.ts","statementMap":{"0":{"start":{"line":1,"column":0},"end":{"line":1,"column":43}},"1":{"start":{"line":2,"column":0},"end":{"line":2,"column":41}},"2":{"start":{"line":5,"column":14},"end":{"line":5,"column":49}},"3":{"start":{"line":6,"column":2},"end":{"line":6,"column":19}},"4":{"start":{"line":7,"column":2},"end":{"line":7,"column":25}},"5":{"start":{"line":9,"column":0},"end":{"line":9,"column":12}}},"fnMap":{"0":{"name":"bootstrap","decl":{"start":{"line":4,"column":15},"end":{"line":4,"column":24}},"loc":{"start":{"line":4,"column":24},"end":{"line":8,"column":1}}}},"branchMap":{},"s":{"0":0,"1":0,"2":0,"3":0,"4":0,"5":0},"f":{"0":0},"b":{}}
,"C:\\Users\\ethan\\Documents\\IUT_3\\Developpement-avance-EthanMaridat\\apps\\realtime-elo-ranker-server\\src\\match\\match.controller.ts": {"path":"C:\\Users\\ethan\\Documents\\IUT_3\\Developpement-avance-EthanMaridat\\apps\\realtime-elo-ranker-server\\src\\match\\match.controller.ts","statementMap":{"0":{"start":{"line":1,"column":0},"end":{"line":1,"column":68}},"1":{"start":{"line":2,"column":0},"end":{"line":2,"column":47}},"2":{"start":{"line":3,"column":0},"end":{"line":3,"column":57}},"3":{"start":{"line":6,"column":7},"end":{"line":52,"column":null}},"4":{"start":{"line":8,"column":21},"end":{"line":8,"column":35}},"5":{"start":{"line":9,"column":21},"end":{"line":9,"column":36}},"6":{"start":{"line":15,"column":4},"end":{"line":20,"column":5}},"7":{"start":{"line":16,"column":6},"end":{"line":19,"column":8}},"8":{"start":{"line":22,"column":4},"end":{"line":27,"column":5}},"9":{"start":{"line":23,"column":6},"end":{"line":26,"column":8}},"10":{"start":{"line":29,"column":4},"end":{"line":34,"column":5}},"11":{"start":{"line":30,"column":6},"end":{"line":33,"column":8}},"12":{"start":{"line":36,"column":23},"end":{"line":36,"column":72}},"13":{"start":{"line":37,"column":24},"end":{"line":37,"column":74}},"14":{"start":{"line":38,"column":4},"end":{"line":43,"column":5}},"15":{"start":{"line":39,"column":6},"end":{"line":42,"column":8}},"16":{"start":{"line":46,"column":4},"end":{"line":50,"column":6}},"17":{"start":{"line":6,"column":13},"end":{"line":6,"column":28}},"18":{"start":{"line":13,"column":8},"end":{"line":51,"column":null}},"19":{"start":{"line":6,"column":13},"end":{"line":52,"column":null}}},"fnMap":{"0":{"name":"(anonymous_4)","decl":{"start":{"line":7,"column":2},"end":{"line":7,"column":null}},"loc":{"start":{"line":9,"column":49},"end":{"line":10,"column":6}}},"1":{"name":"(anonymous_5)","decl":{"start":{"line":13,"column":2},"end":{"line":13,"column":7}},"loc":{"start":{"line":13,"column":82},"end":{"line":51,"column":3}}}},"branchMap":{"0":{"loc":{"start":{"line":15,"column":4},"end":{"line":20,"column":5}},"type":"if","locations":[{"start":{"line":15,"column":4},"end":{"line":20,"column":5}}]},"1":{"loc":{"start":{"line":15,"column":8},"end":{"line":15,"column":50}},"type":"binary-expr","locations":[{"start":{"line":15,"column":8},"end":{"line":15,"column":24}},{"start":{"line":15,"column":28},"end":{"line":15,"column":50}}]},"2":{"loc":{"start":{"line":22,"column":4},"end":{"line":27,"column":5}},"type":"if","locations":[{"start":{"line":22,"column":4},"end":{"line":27,"column":5}}]},"3":{"loc":{"start":{"line":22,"column":8},"end":{"line":22,"column":52}},"type":"binary-expr","locations":[{"start":{"line":22,"column":8},"end":{"line":22,"column":25}},{"start":{"line":22,"column":29},"end":{"line":22,"column":52}}]},"4":{"loc":{"start":{"line":29,"column":4},"end":{"line":34,"column":5}},"type":"if","locations":[{"start":{"line":29,"column":4},"end":{"line":34,"column":5}}]},"5":{"loc":{"start":{"line":38,"column":4},"end":{"line":43,"column":5}},"type":"if","locations":[{"start":{"line":38,"column":4},"end":{"line":43,"column":5}}]},"6":{"loc":{"start":{"line":38,"column":8},"end":{"line":38,"column":35}},"type":"binary-expr","locations":[{"start":{"line":38,"column":8},"end":{"line":38,"column":19}},{"start":{"line":38,"column":23},"end":{"line":38,"column":35}}]}},"s":{"0":1,"1":1,"2":1,"3":1,"4":6,"5":6,"6":5,"7":1,"8":4,"9":1,"10":3,"11":1,"12":2,"13":2,"14":2,"15":1,"16":1,"17":1,"18":1,"19":1},"f":{"0":6,"1":5},"b":{"0":[1],"1":[5,4],"2":[1],"3":[4,3],"4":[1],"5":[1],"6":[2,1]}}
,"C:\\Users\\ethan\\Documents\\IUT_3\\Developpement-avance-EthanMaridat\\apps\\realtime-elo-ranker-server\\src\\match\\match.entity.ts": {"path":"C:\\Users\\ethan\\Documents\\IUT_3\\Developpement-avance-EthanMaridat\\apps\\realtime-elo-ranker-server\\src\\match\\match.entity.ts","statementMap":{"0":{"start":{"line":1,"column":0},"end":{"line":1,"column":null}},"1":{"start":{"line":8,"column":0},"end":{"line":8,"column":49}},"2":{"start":{"line":11,"column":7},"end":{"line":25,"column":null}},"3":{"start":{"line":11,"column":13},"end":{"line":11,"column":18}},"4":{"start":{"line":13,"column":2},"end":{"line":13,"column":null}},"5":{"start":{"line":17,"column":2},"end":{"line":17,"column":null}},"6":{"start":{"line":15,"column":19},"end":{"line":15,"column":25}},"7":{"start":{"line":21,"column":2},"end":{"line":21,"column":null}},"8":{"start":{"line":19,"column":19},"end":{"line":19,"column":25}},"9":{"start":{"line":24,"column":2},"end":{"line":24,"column":null}},"10":{"start":{"line":11,"column":13},"end":{"line":25,"column":null}}},"fnMap":{"0":{"name":"(anonymous_2)","decl":{"start":{"line":15,"column":13},"end":{"line":15,"column":16}},"loc":{"start":{"line":15,"column":19},"end":{"line":15,"column":25}}},"1":{"name":"(anonymous_3)","decl":{"start":{"line":19,"column":13},"end":{"line":19,"column":16}},"loc":{"start":{"line":19,"column":19},"end":{"line":19,"column":25}}}},"branchMap":{},"s":{"0":6,"1":6,"2":6,"3":6,"4":6,"5":6,"6":0,"7":6,"8":0,"9":6,"10":6},"f":{"0":0,"1":0},"b":{}}
,"C:\\Users\\ethan\\Documents\\IUT_3\\Developpement-avance-EthanMaridat\\apps\\realtime-elo-ranker-server\\src\\match\\match.service.ts": {"path":"C:\\Users\\ethan\\Documents\\IUT_3\\Developpement-avance-EthanMaridat\\apps\\realtime-elo-ranker-server\\src\\match\\match.service.ts","statementMap":{"0":{"start":{"line":1,"column":0},"end":{"line":1,"column":44}},"1":{"start":{"line":2,"column":0},"end":{"line":2,"column":51}},"2":{"start":{"line":3,"column":0},"end":{"line":3,"column":37}},"3":{"start":{"line":4,"column":0},"end":{"line":4,"column":39}},"4":{"start":{"line":5,"column":0},"end":{"line":5,"column":57}},"5":{"start":{"line":6,"column":0},"end":{"line":6,"column":73}},"6":{"start":{"line":7,"column":0},"end":{"line":7,"column":58}},"7":{"start":{"line":8,"column":0},"end":{"line":8,"column":54}},"8":{"start":{"line":12,"column":7},"end":{"line":81,"column":null}},"9":{"start":{"line":15,"column":12},"end":{"line":15,"column":29}},"10":{"start":{"line":16,"column":12},"end":{"line":16,"column":27}},"11":{"start":{"line":17,"column":12},"end":{"line":17,"column":34}},"12":{"start":{"line":18,"column":12},"end":{"line":18,"column":26}},"13":{"start":{"line":22,"column":14},"end":{"line":22,"column":16}},"14":{"start":{"line":23,"column":25},"end":{"line":23,"column":74}},"15":{"start":{"line":24,"column":25},"end":{"line":24,"column":41}},"16":{"start":{"line":27,"column":23},"end":{"line":27,"column":72}},"17":{"start":{"line":28,"column":23},"end":{"line":28,"column":72}},"18":{"start":{"line":30,"column":4},"end":{"line":30,"column":36}},"19":{"start":{"line":38,"column":24},"end":{"line":38,"column":65}},"20":{"start":{"line":39,"column":25},"end":{"line":39,"column":67}},"21":{"start":{"line":41,"column":4},"end":{"line":43,"column":5}},"22":{"start":{"line":42,"column":6},"end":{"line":42,"column":42}},"23":{"start":{"line":46,"column":24},"end":{"line":46,"column":38}},"24":{"start":{"line":47,"column":23},"end":{"line":47,"column":37}},"25":{"start":{"line":50,"column":42},"end":{"line":54,"column":null}},"26":{"start":{"line":58,"column":4},"end":{"line":58,"column":38}},"27":{"start":{"line":59,"column":4},"end":{"line":59,"column":36}},"28":{"start":{"line":62,"column":4},"end":{"line":62,"column":50}},"29":{"start":{"line":63,"column":4},"end":{"line":63,"column":49}},"30":{"start":{"line":66,"column":4},"end":{"line":66,"column":95}},"31":{"start":{"line":67,"column":4},"end":{"line":67,"column":101}},"32":{"start":{"line":69,"column":4},"end":{"line":69,"column":93}},"33":{"start":{"line":70,"column":4},"end":{"line":70,"column":99}},"34":{"start":{"line":73,"column":18},"end":{"line":77,"column":6}},"35":{"start":{"line":79,"column":4},"end":{"line":79,"column":44}},"36":{"start":{"line":12,"column":13},"end":{"line":12,"column":25}},"37":{"start":{"line":12,"column":13},"end":{"line":81,"column":null}}},"fnMap":{"0":{"name":"(anonymous_4)","decl":{"start":{"line":13,"column":2},"end":{"line":13,"column":null}},"loc":{"start":{"line":18,"column":39},"end":{"line":19,"column":7}}},"1":{"name":"(anonymous_5)","decl":{"start":{"line":21,"column":10},"end":{"line":21,"column":22}},"loc":{"start":{"line":21,"column":87},"end":{"line":31,"column":3}}},"2":{"name":"(anonymous_6)","decl":{"start":{"line":33,"column":2},"end":{"line":33,"column":7}},"loc":{"start":{"line":36,"column":17},"end":{"line":80,"column":3}}}},"branchMap":{"0":{"loc":{"start":{"line":41,"column":4},"end":{"line":43,"column":5}},"type":"if","locations":[{"start":{"line":41,"column":4},"end":{"line":43,"column":5}}]},"1":{"loc":{"start":{"line":41,"column":8},"end":{"line":41,"column":37}},"type":"binary-expr","locations":[{"start":{"line":41,"column":8},"end":{"line":41,"column":20}},{"start":{"line":41,"column":24},"end":{"line":41,"column":37}}]},"2":{"loc":{"start":{"line":46,"column":24},"end":{"line":46,"column":38}},"type":"cond-expr","locations":[{"start":{"line":46,"column":31},"end":{"line":46,"column":34}},{"start":{"line":46,"column":37},"end":{"line":46,"column":38}}]},"3":{"loc":{"start":{"line":47,"column":23},"end":{"line":47,"column":37}},"type":"cond-expr","locations":[{"start":{"line":47,"column":30},"end":{"line":47,"column":33}},{"start":{"line":47,"column":36},"end":{"line":47,"column":37}}]}},"s":{"0":2,"1":2,"2":2,"3":2,"4":2,"5":2,"6":2,"7":2,"8":2,"9":3,"10":3,"11":3,"12":3,"13":1,"14":1,"15":1,"16":1,"17":1,"18":1,"19":2,"20":2,"21":2,"22":1,"23":1,"24":1,"25":1,"26":1,"27":1,"28":1,"29":1,"30":1,"31":1,"32":1,"33":1,"34":1,"35":1,"36":2,"37":2},"f":{"0":3,"1":1,"2":2},"b":{"0":[1],"1":[2,1],"2":[0,1],"3":[0,1]}}
,"C:\\Users\\ethan\\Documents\\IUT_3\\Developpement-avance-EthanMaridat\\apps\\realtime-elo-ranker-server\\src\\player\\player.controller.ts": {"path":"C:\\Users\\ethan\\Documents\\IUT_3\\Developpement-avance-EthanMaridat\\apps\\realtime-elo-ranker-server\\src\\player\\player.controller.ts","statementMap":{"0":{"start":{"line":1,"column":0},"end":{"line":1,"column":100}},"1":{"start":{"line":2,"column":0},"end":{"line":2,"column":49}},"2":{"start":{"line":5,"column":7},"end":{"line":43,"column":null}},"3":{"start":{"line":6,"column":31},"end":{"line":6,"column":46}},"4":{"start":{"line":10,"column":20},"end":{"line":10,"column":48}},"5":{"start":{"line":11,"column":4},"end":{"line":11,"column":37}},"6":{"start":{"line":12,"column":4},"end":{"line":12,"column":19}},"7":{"start":{"line":17,"column":4},"end":{"line":17,"column":42}},"8":{"start":{"line":22,"column":4},"end":{"line":27,"column":5}},"9":{"start":{"line":23,"column":6},"end":{"line":26,"column":8}},"10":{"start":{"line":29,"column":27},"end":{"line":29,"column":63}},"11":{"start":{"line":30,"column":4},"end":{"line":35,"column":5}},"12":{"start":{"line":31,"column":6},"end":{"line":34,"column":8}},"13":{"start":{"line":37,"column":22},"end":{"line":37,"column":57}},"14":{"start":{"line":38,"column":4},"end":{"line":41,"column":6}},"15":{"start":{"line":5,"column":13},"end":{"line":5,"column":29}},"16":{"start":{"line":9,"column":2},"end":{"line":13,"column":null}},"17":{"start":{"line":16,"column":2},"end":{"line":18,"column":null}},"18":{"start":{"line":21,"column":8},"end":{"line":42,"column":null}},"19":{"start":{"line":5,"column":13},"end":{"line":43,"column":null}}},"fnMap":{"0":{"name":"(anonymous_4)","decl":{"start":{"line":6,"column":2},"end":{"line":6,"column":31}},"loc":{"start":{"line":6,"column":59},"end":{"line":6,"column":63}}},"1":{"name":"(anonymous_5)","decl":{"start":{"line":9,"column":2},"end":{"line":9,"column":9}},"loc":{"start":{"line":9,"column":9},"end":{"line":13,"column":3}}},"2":{"name":"(anonymous_6)","decl":{"start":{"line":16,"column":2},"end":{"line":16,"column":9}},"loc":{"start":{"line":16,"column":33},"end":{"line":18,"column":3}}},"3":{"name":"(anonymous_7)","decl":{"start":{"line":21,"column":2},"end":{"line":21,"column":7}},"loc":{"start":{"line":21,"column":37},"end":{"line":42,"column":3}}}},"branchMap":{"0":{"loc":{"start":{"line":22,"column":4},"end":{"line":27,"column":5}},"type":"if","locations":[{"start":{"line":22,"column":4},"end":{"line":27,"column":5}}]},"1":{"loc":{"start":{"line":22,"column":8},"end":{"line":22,"column":31}},"type":"binary-expr","locations":[{"start":{"line":22,"column":8},"end":{"line":22,"column":11}},{"start":{"line":22,"column":15},"end":{"line":22,"column":31}}]},"2":{"loc":{"start":{"line":30,"column":4},"end":{"line":35,"column":5}},"type":"if","locations":[{"start":{"line":30,"column":4},"end":{"line":35,"column":5}}]}},"s":{"0":1,"1":1,"2":1,"3":7,"4":1,"5":1,"6":1,"7":2,"8":3,"9":1,"10":2,"11":2,"12":1,"13":1,"14":1,"15":1,"16":1,"17":1,"18":1,"19":1},"f":{"0":7,"1":1,"2":2,"3":3},"b":{"0":[1],"1":[3,2],"2":[1]}}
,"C:\\Users\\ethan\\Documents\\IUT_3\\Developpement-avance-EthanMaridat\\apps\\realtime-elo-ranker-server\\src\\player\\player.entity.ts": {"path":"C:\\Users\\ethan\\Documents\\IUT_3\\Developpement-avance-EthanMaridat\\apps\\realtime-elo-ranker-server\\src\\player\\player.entity.ts","statementMap":{"0":{"start":{"line":1,"column":0},"end":{"line":1,"column":67}},"1":{"start":{"line":2,"column":0},"end":{"line":2,"column":46}},"2":{"start":{"line":5,"column":7},"end":{"line":14,"column":null}},"3":{"start":{"line":5,"column":13},"end":{"line":5,"column":19}},"4":{"start":{"line":7,"column":2},"end":{"line":7,"column":null}},"5":{"start":{"line":10,"column":2},"end":{"line":10,"column":null}},"6":{"start":{"line":13,"column":2},"end":{"line":13,"column":null}},"7":{"start":{"line":12,"column":19},"end":{"line":12,"column":24}},"8":{"start":{"line":12,"column":37},"end":{"line":12,"column":64}},"9":{"start":{"line":5,"column":13},"end":{"line":14,"column":null}}},"fnMap":{"0":{"name":"(anonymous_2)","decl":{"start":{"line":12,"column":13},"end":{"line":12,"column":16}},"loc":{"start":{"line":12,"column":19},"end":{"line":12,"column":24}}},"1":{"name":"(anonymous_3)","decl":{"start":{"line":12,"column":26},"end":{"line":12,"column":27}},"loc":{"start":{"line":12,"column":37},"end":{"line":12,"column":64}}}},"branchMap":{"0":{"loc":{"start":{"line":12,"column":37},"end":{"line":12,"column":64}},"type":"binary-expr","locations":[{"start":{"line":12,"column":37},"end":{"line":12,"column":48}},{"start":{"line":12,"column":52},"end":{"line":12,"column":64}}]}},"s":{"0":6,"1":6,"2":6,"3":6,"4":6,"5":6,"6":6,"7":0,"8":0,"9":6},"f":{"0":0,"1":0},"b":{"0":[0,0]}}
,"C:\\Users\\ethan\\Documents\\IUT_3\\Developpement-avance-EthanMaridat\\apps\\realtime-elo-ranker-server\\src\\player\\player.service.ts": {"path":"C:\\Users\\ethan\\Documents\\IUT_3\\Developpement-avance-EthanMaridat\\apps\\realtime-elo-ranker-server\\src\\player\\player.service.ts","statementMap":{"0":{"start":{"line":1,"column":0},"end":{"line":1,"column":44}},"1":{"start":{"line":2,"column":0},"end":{"line":2,"column":51}},"2":{"start":{"line":3,"column":0},"end":{"line":3,"column":37}},"3":{"start":{"line":4,"column":0},"end":{"line":4,"column":49}},"4":{"start":{"line":5,"column":0},"end":{"line":5,"column":54}},"5":{"start":{"line":6,"column":0},"end":{"line":6,"column":58}},"6":{"start":{"line":9,"column":7},"end":{"line":35,"column":null}},"7":{"start":{"line":12,"column":12},"end":{"line":12,"column":30}},"8":{"start":{"line":13,"column":12},"end":{"line":13,"column":26}},"9":{"start":{"line":17,"column":4},"end":{"line":17,"column":40}},"10":{"start":{"line":21,"column":4},"end":{"line":21,"column":59}},"11":{"start":{"line":26,"column":19},"end":{"line":26,"column":66}},"12":{"start":{"line":27,"column":4},"end":{"line":27,"column":89}},"13":{"start":{"line":28,"column":4},"end":{"line":28,"column":46}},"14":{"start":{"line":32,"column":4},"end":{"line":32,"column":46}},"15":{"start":{"line":9,"column":13},"end":{"line":9,"column":26}},"16":{"start":{"line":9,"column":13},"end":{"line":35,"column":null}}},"fnMap":{"0":{"name":"(anonymous_4)","decl":{"start":{"line":10,"column":2},"end":{"line":10,"column":null}},"loc":{"start":{"line":13,"column":39},"end":{"line":14,"column":6}}},"1":{"name":"(anonymous_5)","decl":{"start":{"line":16,"column":2},"end":{"line":16,"column":7}},"loc":{"start":{"line":16,"column":15},"end":{"line":18,"column":3}}},"2":{"name":"(anonymous_6)","decl":{"start":{"line":20,"column":2},"end":{"line":20,"column":7}},"loc":{"start":{"line":20,"column":26},"end":{"line":22,"column":3}}},"3":{"name":"(anonymous_7)","decl":{"start":{"line":25,"column":2},"end":{"line":25,"column":7}},"loc":{"start":{"line":25,"column":25},"end":{"line":29,"column":3}}},"4":{"name":"(anonymous_8)","decl":{"start":{"line":31,"column":2},"end":{"line":31,"column":7}},"loc":{"start":{"line":31,"column":29},"end":{"line":33,"column":3}}}},"branchMap":{"0":{"loc":{"start":{"line":21,"column":11},"end":{"line":21,"column":58}},"type":"binary-expr","locations":[{"start":{"line":21,"column":11},"end":{"line":21,"column":50}},{"start":{"line":21,"column":54},"end":{"line":21,"column":58}}]}},"s":{"0":4,"1":4,"2":4,"3":4,"4":4,"5":4,"6":4,"7":8,"8":8,"9":1,"10":2,"11":2,"12":1,"13":1,"14":2,"15":4,"16":4},"f":{"0":8,"1":1,"2":2,"3":2,"4":2},"b":{"0":[2,0]}}
,"C:\\Users\\ethan\\Documents\\IUT_3\\Developpement-avance-EthanMaridat\\apps\\realtime-elo-ranker-server\\src\\ranking\\ranking.controller.ts": {"path":"C:\\Users\\ethan\\Documents\\IUT_3\\Developpement-avance-EthanMaridat\\apps\\realtime-elo-ranker-server\\src\\ranking\\ranking.controller.ts","statementMap":{"0":{"start":{"line":1,"column":0},"end":{"line":1,"column":54}},"1":{"start":{"line":2,"column":0},"end":{"line":2,"column":51}},"2":{"start":{"line":3,"column":0},"end":{"line":3,"column":64}},"3":{"start":{"line":4,"column":0},"end":{"line":4,"column":39}},"4":{"start":{"line":8,"column":7},"end":{"line":38,"column":null}},"5":{"start":{"line":10,"column":21},"end":{"line":10,"column":37}},"6":{"start":{"line":11,"column":21},"end":{"line":11,"column":43}},"7":{"start":{"line":16,"column":4},"end":{"line":16,"column":44}},"8":{"start":{"line":22,"column":4},"end":{"line":22,"column":39}},"9":{"start":{"line":23,"column":4},"end":{"line":36,"column":6}},"10":{"start":{"line":25,"column":8},"end":{"line":25,"column":55}},"11":{"start":{"line":26,"column":8},"end":{"line":34,"column":10}},"12":{"start":{"line":8,"column":13},"end":{"line":8,"column":30}},"13":{"start":{"line":15,"column":8},"end":{"line":17,"column":null}},"14":{"start":{"line":21,"column":2},"end":{"line":37,"column":null}},"15":{"start":{"line":8,"column":13},"end":{"line":38,"column":null}}},"fnMap":{"0":{"name":"(anonymous_2)","decl":{"start":{"line":9,"column":2},"end":{"line":9,"column":null}},"loc":{"start":{"line":11,"column":63},"end":{"line":12,"column":6}}},"1":{"name":"(anonymous_3)","decl":{"start":{"line":15,"column":2},"end":{"line":15,"column":7}},"loc":{"start":{"line":15,"column":18},"end":{"line":17,"column":3}}},"2":{"name":"(anonymous_4)","decl":{"start":{"line":21,"column":2},"end":{"line":21,"column":15}},"loc":{"start":{"line":21,"column":15},"end":{"line":37,"column":3}}},"3":{"name":"(anonymous_5)","decl":{"start":{"line":24,"column":10},"end":{"line":24,"column":11}},"loc":{"start":{"line":24,"column":19},"end":{"line":35,"column":7}}}},"branchMap":{},"s":{"0":1,"1":1,"2":1,"3":1,"4":1,"5":2,"6":2,"7":1,"8":1,"9":1,"10":1,"11":1,"12":1,"13":1,"14":1,"15":1},"f":{"0":2,"1":1,"2":1,"3":1},"b":{}}
,"C:\\Users\\ethan\\Documents\\IUT_3\\Developpement-avance-EthanMaridat\\apps\\realtime-elo-ranker-server\\src\\ranking\\ranking.events.service.ts": {"path":"C:\\Users\\ethan\\Documents\\IUT_3\\Developpement-avance-EthanMaridat\\apps\\realtime-elo-ranker-server\\src\\ranking\\ranking.events.service.ts","statementMap":{"0":{"start":{"line":1,"column":0},"end":{"line":1,"column":44}},"1":{"start":{"line":2,"column":0},"end":{"line":2,"column":43}},"2":{"start":{"line":3,"column":0},"end":{"line":3,"column":49}},"3":{"start":{"line":4,"column":0},"end":{"line":4,"column":48}},"4":{"start":{"line":7,"column":7},"end":{"line":21,"column":null}},"5":{"start":{"line":8,"column":12},"end":{"line":8,"column":58}},"6":{"start":{"line":13,"column":8},"end":{"line":13,"column":50}},"7":{"start":{"line":18,"column":8},"end":{"line":18,"column":80}},"8":{"start":{"line":19,"column":8},"end":{"line":19,"column":46}},"9":{"start":{"line":7,"column":13},"end":{"line":7,"column":33}},"10":{"start":{"line":17,"column":4},"end":{"line":20,"column":null}},"11":{"start":{"line":7,"column":13},"end":{"line":21,"column":null}}},"fnMap":{"0":{"name":"(anonymous_2)","decl":{"start":{"line":7,"column":7},"end":{"line":7,"column":13}},"loc":{"start":{"line":7,"column":7},"end":{"line":21,"column":1}}},"1":{"name":"(anonymous_3)","decl":{"start":{"line":12,"column":4},"end":{"line":12,"column":20}},"loc":{"start":{"line":12,"column":20},"end":{"line":14,"column":5}}},"2":{"name":"(anonymous_4)","decl":{"start":{"line":17,"column":4},"end":{"line":17,"column":21}},"loc":{"start":{"line":17,"column":48},"end":{"line":20,"column":5}}}},"branchMap":{},"s":{"0":4,"1":4,"2":4,"3":4,"4":4,"5":2,"6":0,"7":0,"8":0,"9":4,"10":4,"11":4},"f":{"0":2,"1":0,"2":0},"b":{}}
,"C:\\Users\\ethan\\Documents\\IUT_3\\Developpement-avance-EthanMaridat\\apps\\realtime-elo-ranker-server\\src\\ranking\\ranking.service.ts": {"path":"C:\\Users\\ethan\\Documents\\IUT_3\\Developpement-avance-EthanMaridat\\apps\\realtime-elo-ranker-server\\src\\ranking\\ranking.service.ts","statementMap":{"0":{"start":{"line":1,"column":0},"end":{"line":1,"column":44}},"1":{"start":{"line":2,"column":0},"end":{"line":2,"column":51}},"2":{"start":{"line":3,"column":0},"end":{"line":3,"column":37}},"3":{"start":{"line":4,"column":0},"end":{"line":4,"column":49}},"4":{"start":{"line":7,"column":7},"end":{"line":20,"column":null}},"5":{"start":{"line":10,"column":12},"end":{"line":10,"column":30}},"6":{"start":{"line":14,"column":4},"end":{"line":18,"column":7}},"7":{"start":{"line":7,"column":13},"end":{"line":7,"column":27}},"8":{"start":{"line":7,"column":13},"end":{"line":20,"column":null}}},"fnMap":{"0":{"name":"(anonymous_4)","decl":{"start":{"line":8,"column":2},"end":{"line":8,"column":null}},"loc":{"start":{"line":10,"column":48},"end":{"line":11,"column":6}}},"1":{"name":"(anonymous_5)","decl":{"start":{"line":13,"column":2},"end":{"line":13,"column":7}},"loc":{"start":{"line":13,"column":18},"end":{"line":19,"column":3}}}},"branchMap":{},"s":{"0":2,"1":2,"2":2,"3":2,"4":2,"5":3,"6":2,"7":2,"8":2},"f":{"0":3,"1":2},"b":{}}
,"C:\\Users\\ethan\\Documents\\IUT_3\\Developpement-avance-EthanMaridat\\apps\\realtime-elo-ranker-server\\src\\ranking\\ranking.update.ts": {"path":"C:\\Users\\ethan\\Documents\\IUT_3\\Developpement-avance-EthanMaridat\\apps\\realtime-elo-ranker-server\\src\\ranking\\ranking.update.ts","statementMap":{"0":{"start":{"line":7,"column":6},"end":{"line":7,"column":19}},"1":{"start":{"line":8,"column":6},"end":{"line":8,"column":23}},"2":{"start":{"line":2,"column":0},"end":{"line":2,"column":13}}},"fnMap":{"0":{"name":"(anonymous_0)","decl":{"start":{"line":6,"column":2},"end":{"line":6,"column":14}},"loc":{"start":{"line":6,"column":38},"end":{"line":9,"column":3}}}},"branchMap":{},"s":{"0":5,"1":5,"2":6},"f":{"0":5},"b":{}}
}
