TN:
SF:src\app.controller.ts
FN:6,(anonymous_2)
FN:9,(anonymous_3)
FNF:2
FNH:2
FNDA:1,(anonymous_2)
FNDA:1,(anonymous_3)
DA:1,1
DA:2,1
DA:5,1
DA:6,1
DA:9,1
DA:10,1
LF:6
LH:6
BRF:0
BRH:0
end_of_record
TN:
SF:src\app.module.ts
FNF:0
FNH:0
DA:1,0
DA:2,0
DA:3,0
DA:4,0
DA:5,0
DA:6,0
DA:7,0
DA:8,0
DA:9,0
DA:10,0
DA:11,0
DA:12,0
DA:29,0
LF:13
LH:0
BRF:0
BRH:0
end_of_record
TN:
SF:src\app.service.ts
FN:5,(anonymous_1)
FNF:1
FNH:1
FNDA:1,(anonymous_1)
DA:1,1
DA:4,1
DA:6,1
LF:3
LH:3
BRF:0
BRH:0
end_of_record
TN:
SF:src\main.ts
FN:4,bootstrap
FNF:1
FNH:0
FNDA:0,bootstrap
DA:1,0
DA:2,0
DA:5,0
DA:6,0
DA:7,0
DA:9,0
LF:6
LH:0
BRF:0
BRH:0
end_of_record
TN:
SF:src\match\match.controller.ts
FN:7,(anonymous_4)
FN:13,(anonymous_5)
FNF:2
FNH:2
FNDA:6,(anonymous_4)
FNDA:5,(anonymous_5)
DA:1,1
DA:2,1
DA:3,1
DA:6,1
DA:8,6
DA:9,6
DA:13,1
DA:15,5
DA:16,1
DA:22,4
DA:23,1
DA:29,3
DA:30,1
DA:36,2
DA:37,2
DA:38,2
DA:39,1
DA:46,1
LF:18
LH:18
BRDA:15,0,0,1
BRDA:15,1,0,5
BRDA:15,1,1,4
BRDA:22,2,0,1
BRDA:22,3,0,4
BRDA:22,3,1,3
BRDA:29,4,0,1
BRDA:38,5,0,1
BRDA:38,6,0,2
BRDA:38,6,1,1
BRF:10
BRH:10
end_of_record
TN:
SF:src\match\match.entity.ts
FN:15,(anonymous_2)
FN:19,(anonymous_3)
FNF:2
FNH:0
FNDA:0,(anonymous_2)
FNDA:0,(anonymous_3)
DA:1,6
DA:8,6
DA:11,6
DA:13,6
DA:15,0
DA:17,6
DA:19,0
DA:21,6
DA:24,6
LF:9
LH:7
BRF:0
BRH:0
end_of_record
TN:
SF:src\match\match.service.ts
FN:13,(anonymous_4)
FN:21,(anonymous_5)
FN:33,(anonymous_6)
FNF:3
FNH:3
FNDA:3,(anonymous_4)
FNDA:1,(anonymous_5)
FNDA:2,(anonymous_6)
DA:1,2
DA:2,2
DA:3,2
DA:4,2
DA:5,2
DA:6,2
DA:7,2
DA:8,2
DA:12,2
DA:15,3
DA:16,3
DA:17,3
DA:18,3
DA:22,1
DA:23,1
DA:24,1
DA:27,1
DA:28,1
DA:30,1
DA:38,2
DA:39,2
DA:41,2
DA:42,1
DA:46,1
DA:47,1
DA:50,1
DA:58,1
DA:59,1
DA:62,1
DA:63,1
DA:66,1
DA:67,1
DA:69,1
DA:70,1
DA:73,1
DA:79,1
LF:36
LH:36
BRDA:41,0,0,1
BRDA:41,1,0,2
BRDA:41,1,1,1
BRDA:46,2,0,0
BRDA:46,2,1,1
BRDA:47,3,0,0
BRDA:47,3,1,1
BRF:7
BRH:5
end_of_record
TN:
SF:src\player\player.controller.ts
FN:6,(anonymous_4)
FN:9,(anonymous_5)
FN:16,(anonymous_6)
FN:21,(anonymous_7)
FNF:4
FNH:4
FNDA:7,(anonymous_4)
FNDA:1,(anonymous_5)
FNDA:2,(anonymous_6)
FNDA:3,(anonymous_7)
DA:1,1
DA:2,1
DA:5,1
DA:6,7
DA:9,1
DA:10,1
DA:11,1
DA:12,1
DA:16,1
DA:17,2
DA:21,1
DA:22,3
DA:23,1
DA:29,2
DA:30,2
DA:31,1
DA:37,1
DA:38,1
LF:18
LH:18
BRDA:22,0,0,1
BRDA:22,1,0,3
BRDA:22,1,1,2
BRDA:30,2,0,1
BRF:4
BRH:4
end_of_record
TN:
SF:src\player\player.entity.ts
FN:12,(anonymous_2)
FN:12,(anonymous_3)
FNF:2
FNH:0
FNDA:0,(anonymous_2)
FNDA:0,(anonymous_3)
DA:1,6
DA:2,6
DA:5,6
DA:7,6
DA:10,6
DA:12,0
DA:13,6
LF:7
LH:6
BRDA:12,0,0,0
BRDA:12,0,1,0
BRF:2
BRH:0
end_of_record
TN:
SF:src\player\player.service.ts
FN:10,(anonymous_4)
FN:16,(anonymous_5)
FN:20,(anonymous_6)
FN:25,(anonymous_7)
FN:31,(anonymous_8)
FNF:5
FNH:5
FNDA:8,(anonymous_4)
FNDA:1,(anonymous_5)
FNDA:2,(anonymous_6)
FNDA:2,(anonymous_7)
FNDA:2,(anonymous_8)
DA:1,4
DA:2,4
DA:3,4
DA:4,4
DA:5,4
DA:6,4
DA:9,4
DA:12,8
DA:13,8
DA:17,1
DA:21,2
DA:26,2
DA:27,1
DA:28,1
DA:32,2
LF:15
LH:15
BRDA:21,0,0,2
BRDA:21,0,1,0
BRF:2
BRH:1
end_of_record
TN:
SF:src\ranking\ranking.controller.ts
FN:9,(anonymous_2)
FN:15,(anonymous_3)
FN:21,(anonymous_4)
FN:24,(anonymous_5)
FNF:4
FNH:4
FNDA:2,(anonymous_2)
FNDA:1,(anonymous_3)
FNDA:1,(anonymous_4)
FNDA:1,(anonymous_5)
DA:1,1
DA:2,1
DA:3,1
DA:4,1
DA:8,1
DA:10,2
DA:11,2
DA:15,1
DA:16,1
DA:21,1
DA:22,1
DA:23,1
DA:25,1
DA:26,1
LF:14
LH:14
BRF:0
BRH:0
end_of_record
TN:
SF:src\ranking\ranking.events.service.ts
FN:7,(anonymous_2)
FN:12,(anonymous_3)
FN:17,(anonymous_4)
FNF:3
FNH:1
FNDA:2,(anonymous_2)
FNDA:0,(anonymous_3)
FNDA:0,(anonymous_4)
DA:1,4
DA:2,4
DA:3,4
DA:4,4
DA:7,4
DA:8,2
DA:13,0
DA:17,4
DA:18,0
DA:19,0
LF:10
LH:7
BRF:0
BRH:0
end_of_record
TN:
SF:src\ranking\ranking.service.ts
FN:8,(anonymous_4)
FN:13,(anonymous_5)
FNF:2
FNH:2
FNDA:3,(anonymous_4)
FNDA:2,(anonymous_5)
DA:1,2
DA:2,2
DA:3,2
DA:4,2
DA:7,2
DA:10,3
DA:14,2
LF:7
LH:7
BRF:0
BRH:0
end_of_record
TN:
SF:src\ranking\ranking.update.ts
FN:6,(anonymous_0)
FNF:1
FNH:1
FNDA:5,(anonymous_0)
DA:2,6
DA:7,5
DA:8,5
LF:3
LH:3
BRF:0
BRH:0
end_of_record
